package configuration for libffi is not found
have_header: checking for ffi.h... -------------------- no

"gcc -o conftest -I/home/jaspreet/.rbenv/versions/2.6.5/include/ruby-2.6.0/x86_64-linux -I/home/jaspreet/.rbenv/versions/2.6.5/include/ruby-2.6.0/ruby/backward -I/home/jaspreet/.rbenv/versions/2.6.5/include/ruby-2.6.0 -I. -I/home/jaspreet/.rbenv/versions/2.6.5/include    -O3 -ggdb3 -Wall -Wextra -Wdeclaration-after-statement -Wdeprecated-declarations -Wduplicated-cond -Wimplicit-function-declaration -Wimplicit-int -Wmisleading-indentation -Wpointer-arith -Wrestrict -Wwrite-strings -Wimplicit-fallthrough=0 -Wmissing-noreturn -Wno-cast-function-type -Wno-constant-logical-operand -Wno-long-long -Wno-missing-field-initializers -Wno-overlength-strings -Wno-packed-bitfield-compat -Wno-parentheses-equality -Wno-self-assign -Wno-tautological-compare -Wno-unused-parameter -Wno-unused-value -Wsuggest-attribute=format -Wsuggest-attribute=noreturn -Wunused-variable  -fPIC conftest.c  -L. -L/home/jaspreet/.rbenv/versions/2.6.5/lib -Wl,-rpath,/home/jaspreet/.rbenv/versions/2.6.5/lib -L. -L/home/jaspreet/.rbenv/versions/2.6.5/lib  -fstack-protector-strong -rdynamic -Wl,-export-dynamic     -Wl,-rpath,/home/jaspreet/.rbenv/versions/2.6.5/lib -L/home/jaspreet/.rbenv/versions/2.6.5/lib -lruby  -lm   -lc"
checked program was:
/* begin */
1: #include "ruby.h"
2: 
3: int main(int argc, char **argv)
4: {
5:   return 0;
6: }
/* end */

"gcc -E -I/home/jaspreet/.rbenv/versions/2.6.5/include/ruby-2.6.0/x86_64-linux -I/home/jaspreet/.rbenv/versions/2.6.5/include/ruby-2.6.0/ruby/backward -I/home/jaspreet/.rbenv/versions/2.6.5/include/ruby-2.6.0 -I. -I/home/jaspreet/.rbenv/versions/2.6.5/include    -O3 -ggdb3 -Wall -Wextra -Wdeclaration-after-statement -Wdeprecated-declarations -Wduplicated-cond -Wimplicit-function-declaration -Wimplicit-int -Wmisleading-indentation -Wpointer-arith -Wrestrict -Wwrite-strings -Wimplicit-fallthrough=0 -Wmissing-noreturn -Wno-cast-function-type -Wno-constant-logical-operand -Wno-long-long -Wno-missing-field-initializers -Wno-overlength-strings -Wno-packed-bitfield-compat -Wno-parentheses-equality -Wno-self-assign -Wno-tautological-compare -Wno-unused-parameter -Wno-unused-value -Wsuggest-attribute=format -Wsuggest-attribute=noreturn -Wunused-variable  -fPIC  conftest.c -o conftest.i"
conftest.c:3:10: fatal error: ffi.h: No such file or directory
 #include <ffi.h>
          ^~~~~~~
compilation terminated.
checked program was:
/* begin */
1: #include "ruby.h"
2: 
3: #include <ffi.h>
/* end */

--------------------

find_header: checking for ffi.h in /usr/local/include,/usr/include/ffi,/Library/Developer/CommandLineTools/SDKs/MacOSX.sdk/usr/include/ffi,/Applications/Xcode.app/Contents/Developer/Platforms/MacOSX.platform/Developer/SDKs/MacOSX.sdk/usr/include/ffi... -------------------- no

"gcc -E -I/home/jaspreet/.rbenv/versions/2.6.5/include/ruby-2.6.0/x86_64-linux -I/home/jaspreet/.rbenv/versions/2.6.5/include/ruby-2.6.0/ruby/backward -I/home/jaspreet/.rbenv/versions/2.6.5/include/ruby-2.6.0 -I. -I/home/jaspreet/.rbenv/versions/2.6.5/include    -O3 -ggdb3 -Wall -Wextra -Wdeclaration-after-statement -Wdeprecated-declarations -Wduplicated-cond -Wimplicit-function-declaration -Wimplicit-int -Wmisleading-indentation -Wpointer-arith -Wrestrict -Wwrite-strings -Wimplicit-fallthrough=0 -Wmissing-noreturn -Wno-cast-function-type -Wno-constant-logical-operand -Wno-long-long -Wno-missing-field-initializers -Wno-overlength-strings -Wno-packed-bitfield-compat -Wno-parentheses-equality -Wno-self-assign -Wno-tautological-compare -Wno-unused-parameter -Wno-unused-value -Wsuggest-attribute=format -Wsuggest-attribute=noreturn -Wunused-variable  -fPIC  conftest.c -o conftest.i"
conftest.c:3:10: fatal error: ffi.h: No such file or directory
 #include <ffi.h>
          ^~~~~~~
compilation terminated.
checked program was:
/* begin */
1: #include "ruby.h"
2: 
3: #include <ffi.h>
/* end */

"gcc -E -I/home/jaspreet/.rbenv/versions/2.6.5/include/ruby-2.6.0/x86_64-linux -I/home/jaspreet/.rbenv/versions/2.6.5/include/ruby-2.6.0/ruby/backward -I/home/jaspreet/.rbenv/versions/2.6.5/include/ruby-2.6.0 -I. -I/home/jaspreet/.rbenv/versions/2.6.5/include    -O3 -ggdb3 -Wall -Wextra -Wdeclaration-after-statement -Wdeprecated-declarations -Wduplicated-cond -Wimplicit-function-declaration -Wimplicit-int -Wmisleading-indentation -Wpointer-arith -Wrestrict -Wwrite-strings -Wimplicit-fallthrough=0 -Wmissing-noreturn -Wno-cast-function-type -Wno-constant-logical-operand -Wno-long-long -Wno-missing-field-initializers -Wno-overlength-strings -Wno-packed-bitfield-compat -Wno-parentheses-equality -Wno-self-assign -Wno-tautological-compare -Wno-unused-parameter -Wno-unused-value -Wsuggest-attribute=format -Wsuggest-attribute=noreturn -Wunused-variable  -fPIC -I/usr/local/include conftest.c -o conftest.i"
conftest.c:3:10: fatal error: ffi.h: No such file or directory
 #include <ffi.h>
          ^~~~~~~
compilation terminated.
checked program was:
/* begin */
1: #include "ruby.h"
2: 
3: #include <ffi.h>
/* end */

"gcc -E -I/home/jaspreet/.rbenv/versions/2.6.5/include/ruby-2.6.0/x86_64-linux -I/home/jaspreet/.rbenv/versions/2.6.5/include/ruby-2.6.0/ruby/backward -I/home/jaspreet/.rbenv/versions/2.6.5/include/ruby-2.6.0 -I. -I/home/jaspreet/.rbenv/versions/2.6.5/include    -O3 -ggdb3 -Wall -Wextra -Wdeclaration-after-statement -Wdeprecated-declarations -Wduplicated-cond -Wimplicit-function-declaration -Wimplicit-int -Wmisleading-indentation -Wpointer-arith -Wrestrict -Wwrite-strings -Wimplicit-fallthrough=0 -Wmissing-noreturn -Wno-cast-function-type -Wno-constant-logical-operand -Wno-long-long -Wno-missing-field-initializers -Wno-overlength-strings -Wno-packed-bitfield-compat -Wno-parentheses-equality -Wno-self-assign -Wno-tautological-compare -Wno-unused-parameter -Wno-unused-value -Wsuggest-attribute=format -Wsuggest-attribute=noreturn -Wunused-variable  -fPIC -I/usr/include/ffi conftest.c -o conftest.i"
conftest.c:3:10: fatal error: ffi.h: No such file or directory
 #include <ffi.h>
          ^~~~~~~
compilation terminated.
checked program was:
/* begin */
1: #include "ruby.h"
2: 
3: #include <ffi.h>
/* end */

"gcc -E -I/home/jaspreet/.rbenv/versions/2.6.5/include/ruby-2.6.0/x86_64-linux -I/home/jaspreet/.rbenv/versions/2.6.5/include/ruby-2.6.0/ruby/backward -I/home/jaspreet/.rbenv/versions/2.6.5/include/ruby-2.6.0 -I. -I/home/jaspreet/.rbenv/versions/2.6.5/include    -O3 -ggdb3 -Wall -Wextra -Wdeclaration-after-statement -Wdeprecated-declarations -Wduplicated-cond -Wimplicit-function-declaration -Wimplicit-int -Wmisleading-indentation -Wpointer-arith -Wrestrict -Wwrite-strings -Wimplicit-fallthrough=0 -Wmissing-noreturn -Wno-cast-function-type -Wno-constant-logical-operand -Wno-long-long -Wno-missing-field-initializers -Wno-overlength-strings -Wno-packed-bitfield-compat -Wno-parentheses-equality -Wno-self-assign -Wno-tautological-compare -Wno-unused-parameter -Wno-unused-value -Wsuggest-attribute=format -Wsuggest-attribute=noreturn -Wunused-variable  -fPIC -I/Library/Developer/CommandLineTools/SDKs/MacOSX.sdk/usr/include/ffi conftest.c -o conftest.i"
conftest.c:3:10: fatal error: ffi.h: No such file or directory
 #include <ffi.h>
          ^~~~~~~
compilation terminated.
checked program was:
/* begin */
1: #include "ruby.h"
2: 
3: #include <ffi.h>
/* end */

"gcc -E -I/home/jaspreet/.rbenv/versions/2.6.5/include/ruby-2.6.0/x86_64-linux -I/home/jaspreet/.rbenv/versions/2.6.5/include/ruby-2.6.0/ruby/backward -I/home/jaspreet/.rbenv/versions/2.6.5/include/ruby-2.6.0 -I. -I/home/jaspreet/.rbenv/versions/2.6.5/include    -O3 -ggdb3 -Wall -Wextra -Wdeclaration-after-statement -Wdeprecated-declarations -Wduplicated-cond -Wimplicit-function-declaration -Wimplicit-int -Wmisleading-indentation -Wpointer-arith -Wrestrict -Wwrite-strings -Wimplicit-fallthrough=0 -Wmissing-noreturn -Wno-cast-function-type -Wno-constant-logical-operand -Wno-long-long -Wno-missing-field-initializers -Wno-overlength-strings -Wno-packed-bitfield-compat -Wno-parentheses-equality -Wno-self-assign -Wno-tautological-compare -Wno-unused-parameter -Wno-unused-value -Wsuggest-attribute=format -Wsuggest-attribute=noreturn -Wunused-variable  -fPIC -I/Applications/Xcode.app/Contents/Developer/Platforms/MacOSX.platform/Developer/SDKs/MacOSX.sdk/usr/include/ffi conftest.c -o conftest.i"
conftest.c:3:10: fatal error: ffi.h: No such file or directory
 #include <ffi.h>
          ^~~~~~~
compilation terminated.
checked program was:
/* begin */
1: #include "ruby.h"
2: 
3: #include <ffi.h>
/* end */

--------------------

extconf.h is:
/* begin */
1: #ifndef EXTCONF_H
2: #define EXTCONF_H
3: #define HAVE_FFI_PREP_CIF_VAR 1
4: #define USE_INTERNAL_LIBFFI 1
5: #endif
/* end */

